<?xml version="1.0" encoding="UTF-8"?>
<!-- Generated by org.testng.reporters.JUnitXMLReporter -->
<testsuite hostname="Walkingtree-PC" ignored="0" name="Default test" tests="3" failures="0" timestamp="17 Dec 2018 11:20:50 GMT" time="10.676" errors="0">
  <testcase name="verifyUserPageNavigation" time="5.405" classname="scripts.UserPageScript"/>
  <testcase name="verifyUserSearchWithInvalidUserName" time="2.667" classname="scripts.UserPageScript"/>
  <testcase name="SearchWithValidUser" time="2.44" classname="scripts.UserPageScript"/>
</testsuite> <!-- Default test -->
