<?xml version="1.0" encoding="UTF-8"?>
<!-- Generated by org.testng.reporters.JUnitXMLReporter -->
<testsuite hostname="DESKTOP-68JT0BE" ignored="0" name="Default test" tests="5" failures="0" timestamp="26 Dec 2018 02:33:24 GMT" time="39.328" errors="0">
  <testcase name="verifyUserPageNavigation" time="27.541" classname="scripts.UserPageScript"/>
  <testcase name="verifyUserSearchWithInvalidUserName" time="3.788" classname="scripts.UserPageScript"/>
  <testcase name="SearchWithValidUser" time="2.62" classname="scripts.UserPageScript"/>
  <testcase name="SearchByAdmin" time="1.806" classname="scripts.UserPageScript"/>
  <testcase name="searchByEss" time="3.33" classname="scripts.UserPageScript"/>
</testsuite> <!-- Default test -->
